Builds/Android/app/build/intermediates/manifest_merge_blame_file/release_Release/manifest-merger-blame-release_-release-report.txt
1<?xml version="1.0" encoding="utf-8"?>
2<manifest xmlns:android="http://schemas.android.com/apk/res/android"
3    package="dk.eksit.guitarfinetune"
4    android:versionCode="59"
5    android:versionName="9.4.9" >
6
7    <uses-sdk
8        android:minSdkVersion="16"
8-->src\main\AndroidManifest.xml
9        android:targetSdkVersion="30" />
9-->src\main\AndroidManifest.xml
10
11    <supports-screens
11-->src\main\AndroidManifest.xml:5:3-6:51
12        android:anyDensity="true"
12-->src\main\AndroidManifest.xml:5:106-131
13        android:largeScreens="true"
13-->src\main\AndroidManifest.xml:5:78-105
14        android:normalScreens="true"
14-->src\main\AndroidManifest.xml:5:49-77
15        android:smallScreens="true"
15-->src\main\AndroidManifest.xml:5:21-48
16        android:xlargeScreens="true" />
16-->src\main\AndroidManifest.xml:6:21-49
17
18    <uses-permission android:name="android.permission.WRITE_EXTERNAL_STORAGE" />
18-->src\main\AndroidManifest.xml:7:3-78
18-->src\main\AndroidManifest.xml:7:20-76
19    <uses-permission android:name="android.permission.READ_EXTERNAL_STORAGE" />
19-->src\main\AndroidManifest.xml:8:3-77
19-->src\main\AndroidManifest.xml:8:20-75
20    <uses-permission android:name="android.permission.ACCESS_COARSE_LOCATION" />
20-->src\main\AndroidManifest.xml:9:3-78
20-->src\main\AndroidManifest.xml:9:20-76
21    <uses-permission android:name="android.permission.ACCESS_FINE_LOCATION" />
21-->src\main\AndroidManifest.xml:10:3-76
21-->src\main\AndroidManifest.xml:10:20-74
22    <uses-permission android:name="android.permission.BLUETOOTH_ADMIN" />
22-->src\main\AndroidManifest.xml:11:3-71
22-->src\main\AndroidManifest.xml:11:20-69
23    <uses-permission android:name="android.permission.BLUETOOTH" />
23-->src\main\AndroidManifest.xml:12:3-65
23-->src\main\AndroidManifest.xml:12:20-63
24    <uses-permission android:name="android.permission.RECORD_AUDIO" />
24-->src\main\AndroidManifest.xml:13:3-68
24-->src\main\AndroidManifest.xml:13:20-66
25
26    <application
26-->src\main\AndroidManifest.xml:14:3-25:17
27        android:name="com.rmsl.juce.JuceApp"
27-->src\main\AndroidManifest.xml:14:49-85
28        android:hardwareAccelerated="false"
28-->src\main\AndroidManifest.xml:14:116-151
29        android:icon="@drawable/icon"
29-->src\main\AndroidManifest.xml:14:86-115
30        android:label="@string/app_name"
30-->src\main\AndroidManifest.xml:14:16-48
31        android:testOnly="true" >
32        <activity
32-->src\main\AndroidManifest.xml:15:5-22:16
33            android:name="android.app.Activity"
33-->src\main\AndroidManifest.xml:15:15-50
34            android:configChanges="keyboardHidden|orientation|screenSize"
34-->src\main\AndroidManifest.xml:15:84-145
35            android:exported="true"
35-->src\main\AndroidManifest.xml:17:15-38
36            android:hardwareAccelerated="true"
36-->src\main\AndroidManifest.xml:16:87-121
37            android:label="@string/app_name"
37-->src\main\AndroidManifest.xml:15:51-83
38            android:launchMode="singleTask"
38-->src\main\AndroidManifest.xml:16:55-86
39            android:screenOrientation="unspecified" >
39-->src\main\AndroidManifest.xml:16:15-54
40            <intent-filter>
40-->src\main\AndroidManifest.xml:18:7-21:23
41                <action android:name="android.intent.action.MAIN" />
41-->src\main\AndroidManifest.xml:19:9-60
41-->src\main\AndroidManifest.xml:19:17-58
42
43                <category android:name="android.intent.category.LAUNCHER" />
43-->src\main\AndroidManifest.xml:20:9-68
43-->src\main\AndroidManifest.xml:20:19-66
44            </intent-filter>
45        </activity>
46
47        <provider
47-->src\main\AndroidManifest.xml:23:5-24:75
48            android:name="com.rmsl.juce.JuceSharingContentProvider"
48-->src\main\AndroidManifest.xml:23:15-70
49            android:authorities="dk.eksit.guitarfinetune.sharingcontentprovider"
49-->src\main\AndroidManifest.xml:23:71-139
50            android:exported="true"
50-->src\main\AndroidManifest.xml:24:50-73
51            android:grantUriPermissions="true" />
51-->src\main\AndroidManifest.xml:24:15-49
52    </application>
53
54</manifest>